usage: train.py [-h] [--data_path DATA_PATH] [--max_len MAX_LEN]
                [--batch_size BATCH_SIZE] [--epochs EPOCHS] [--lr LR]
                [--bert BERT] [--threshold THRESHOLD]
                [--random_state RANDOM_STATE]
                [--train_val_log_path TRAIN_VAL_LOG_PATH]
                [--train_loss_avg_image_path TRAIN_LOSS_AVG_IMAGE_PATH]
                [--validation_metric_image_nanoparticle_path VALIDATION_METRIC_IMAGE_NANOPARTICLE_PATH]
                [--validation_metric_image_main_subject_path VALIDATION_METRIC_IMAGE_MAIN_SUBJECT_PATH]
                [--validation_metric_image_avg_path VALIDATION_METRIC_IMAGE_AVG_PATH]
                [--test_metric_log_path TEST_METRIC_LOG_PATH]
                [--test_metric_image_nanoparticle_path TEST_METRIC_IMAGE_NANOPARTICLE_PATH]
                [--test_metric_image_main_subject_path TEST_METRIC_IMAGE_MAIN_SUBJECT_PATH]
                [--test_metric_image_avg_path TEST_METRIC_IMAGE_AVG_PATH]
                [--model_weight_path MODEL_WEIGHT_PATH] [--ssh_path SSH_PATH]
                [--BERTNAME BERTNAME] [--PROCESSID PROCESSID]
train.py: error: unrecognized arguments: -- 24_06_04_19_24_10_0
usage: train.py [-h] [--data_path DATA_PATH] [--max_len MAX_LEN]
                [--batch_size BATCH_SIZE] [--epochs EPOCHS] [--lr LR]
                [--bert BERT] [--threshold THRESHOLD]
                [--random_state RANDOM_STATE]
                [--train_val_log_path TRAIN_VAL_LOG_PATH]
                [--train_loss_avg_image_path TRAIN_LOSS_AVG_IMAGE_PATH]
                [--validation_metric_image_nanoparticle_path VALIDATION_METRIC_IMAGE_NANOPARTICLE_PATH]
                [--validation_metric_image_main_subject_path VALIDATION_METRIC_IMAGE_MAIN_SUBJECT_PATH]
                [--validation_metric_image_avg_path VALIDATION_METRIC_IMAGE_AVG_PATH]
                [--test_metric_log_path TEST_METRIC_LOG_PATH]
                [--test_metric_image_nanoparticle_path TEST_METRIC_IMAGE_NANOPARTICLE_PATH]
                [--test_metric_image_main_subject_path TEST_METRIC_IMAGE_MAIN_SUBJECT_PATH]
                [--test_metric_image_avg_path TEST_METRIC_IMAGE_AVG_PATH]
                [--model_weight_path MODEL_WEIGHT_PATH] [--ssh_path SSH_PATH]
                [--BERTNAME BERTNAME] [--PROCESSID PROCESSID]
train.py: error: unrecognized arguments: --processID 24_06_04_19_24_10_1
